build/app/intermediates/manifest_merge_blame_file/debug/manifest-merger-blame-debug-report.txt
1<?xml version="1.0" encoding="utf-8"?>
2<manifest xmlns:android="http://schemas.android.com/apk/res/android"
3    package="com.mycompany.bluetoothstarter"
4    android:versionCode="1"
5    android:versionName="1.0.0" >
6
7    <uses-sdk
8        android:minSdkVersion="21"
9        android:targetSdkVersion="34" />
10    <!--
11         Flutter needs it to communicate with the running application
12         to allow setting breakpoints, to provide hot reload, etc.
13    -->
14    <uses-permission android:name="android.permission.INTERNET" />
14-->src\main\AndroidManifest.xml:4:5-66
14-->src\main\AndroidManifest.xml:4:22-64
15    <uses-permission android:name="android.permission.BLUETOOTH" />
15-->src\main\AndroidManifest.xml:6:5-68
15-->src\main\AndroidManifest.xml:6:22-65
16    <uses-permission android:name="android.permission.BLUETOOTH_ADMIN" />
16-->src\main\AndroidManifest.xml:7:5-73
16-->src\main\AndroidManifest.xml:7:22-71
17    <uses-permission android:name="android.permission.ACCESS_FINE_LOCATION" />
17-->src\main\AndroidManifest.xml:8:5-78
17-->src\main\AndroidManifest.xml:8:22-76
18    <uses-permission android:name="android.permission.BLUETOOTH_SCAN" />
18-->src\main\AndroidManifest.xml:9:5-72
18-->src\main\AndroidManifest.xml:9:22-70
19    <uses-permission android:name="android.permission.BLUETOOTH_CONNECT" />
19-->src\main\AndroidManifest.xml:10:5-75
19-->src\main\AndroidManifest.xml:10:22-73
20
21    <permission
21-->[androidx.core:core:1.13.1] AndroidManifest.xml:22:5-24:47
22        android:name="com.mycompany.bluetoothstarter.DYNAMIC_RECEIVER_NOT_EXPORTED_PERMISSION"
22-->[androidx.core:core:1.13.1] AndroidManifest.xml:23:9-81
23        android:protectionLevel="signature" />
23-->[androidx.core:core:1.13.1] AndroidManifest.xml:24:9-44
24
25    <uses-permission android:name="com.mycompany.bluetoothstarter.DYNAMIC_RECEIVER_NOT_EXPORTED_PERMISSION" />
25-->[androidx.core:core:1.13.1] AndroidManifest.xml:26:5-97
25-->[androidx.core:core:1.13.1] AndroidManifest.xml:26:22-94
26
27    <application
27-->src\main\AndroidManifest.xml:13:5-67:19
28        android:appComponentFactory="androidx.core.app.CoreComponentFactory"
28-->[androidx.core:core:1.13.1] AndroidManifest.xml:28:18-86
29        android:debuggable="true"
30        android:icon="@mipmap/ic_launcher"
30-->src\main\AndroidManifest.xml:16:9-43
31        android:label="Bluetooth Demo"
31-->src\main\AndroidManifest.xml:14:9-39
32        android:requestLegacyExternalStorage="true" >
32-->src\main\AndroidManifest.xml:17:9-52
33        <activity
33-->src\main\AndroidManifest.xml:19:9-57:20
34            android:name="com.mycompany.bluetoothstarter.MainActivity"
34-->src\main\AndroidManifest.xml:20:13-41
35            android:configChanges="orientation|keyboardHidden|keyboard|screenSize|smallestScreenSize|locale|layoutDirection|fontScale|screenLayout|density|uiMode"
35-->src\main\AndroidManifest.xml:24:13-163
36            android:exported="true"
36-->src\main\AndroidManifest.xml:21:13-36
37            android:hardwareAccelerated="true"
37-->src\main\AndroidManifest.xml:25:13-47
38            android:launchMode="singleTop"
38-->src\main\AndroidManifest.xml:22:13-43
39            android:theme="@style/LaunchTheme"
39-->src\main\AndroidManifest.xml:23:13-47
40            android:windowSoftInputMode="adjustResize" >
40-->src\main\AndroidManifest.xml:26:13-55
41
42            <!--
43                 Specifies an Android theme to apply to this Activity as soon as
44                 the Android process has started. This theme is visible to the user
45                 while the Flutter UI initializes. After that, this theme continues
46                 to determine the Window background behind the Flutter UI.
47            -->
48            <meta-data
48-->src\main\AndroidManifest.xml:31:13-34:17
49                android:name="io.flutter.embedding.android.NormalTheme"
49-->src\main\AndroidManifest.xml:32:15-70
50                android:resource="@style/NormalTheme" />
50-->src\main\AndroidManifest.xml:33:15-52
51            <!--
52                 Displays an Android View that continues showing the launch screen
53                 Drawable until Flutter paints its first frame, then this splash
54                 screen fades out. A splash screen is useful to avoid any visual
55                 gap between the end of Android's launch screen and the painting of
56                 Flutter's first frame.
57            -->
58            <meta-data
58-->src\main\AndroidManifest.xml:40:13-43:17
59                android:name="io.flutter.embedding.android.SplashScreenDrawable"
59-->src\main\AndroidManifest.xml:41:15-79
60                android:resource="@drawable/launch_background" />
60-->src\main\AndroidManifest.xml:42:15-61
61
62            <intent-filter>
62-->src\main\AndroidManifest.xml:44:13-47:29
63                <action android:name="android.intent.action.MAIN" />
63-->src\main\AndroidManifest.xml:45:17-68
63-->src\main\AndroidManifest.xml:45:25-66
64
65                <category android:name="android.intent.category.LAUNCHER" />
65-->src\main\AndroidManifest.xml:46:17-76
65-->src\main\AndroidManifest.xml:46:27-74
66            </intent-filter>
67            <!-- Deep linking -->
68            <meta-data
68-->src\main\AndroidManifest.xml:49:13-90
69                android:name="flutter_deeplinking_enabled"
69-->src\main\AndroidManifest.xml:49:24-66
70                android:value="true" />
70-->src\main\AndroidManifest.xml:49:67-87
71
72            <intent-filter android:autoVerify="true" >
72-->src\main\AndroidManifest.xml:50:13-55:29
72-->src\main\AndroidManifest.xml:50:28-53
73                <action android:name="android.intent.action.VIEW" />
73-->src\main\AndroidManifest.xml:51:17-69
73-->src\main\AndroidManifest.xml:51:25-66
74
75                <category android:name="android.intent.category.DEFAULT" />
75-->src\main\AndroidManifest.xml:52:17-76
75-->src\main\AndroidManifest.xml:52:27-73
76                <category android:name="android.intent.category.BROWSABLE" />
76-->src\main\AndroidManifest.xml:53:17-78
76-->src\main\AndroidManifest.xml:53:27-75
77
78                <data
78-->src\main\AndroidManifest.xml:54:17-95
79                    android:host="bluetoothstarter.com"
79-->src\main\AndroidManifest.xml:54:57-92
80                    android:scheme="bluetoothstarter" />
80-->src\main\AndroidManifest.xml:54:23-56
81            </intent-filter>
82        </activity>
83
84        <!--
85             Don't delete the meta-data below.
86             This is used by the Flutter tool to generate GeneratedPluginRegistrant.java
87        -->
88        <meta-data
88-->src\main\AndroidManifest.xml:61:9-63:33
89            android:name="flutterEmbedding"
89-->src\main\AndroidManifest.xml:62:13-44
90            android:value="2" />
90-->src\main\AndroidManifest.xml:63:13-30
91
92        <activity
92-->[:url_launcher_android] AndroidManifest.xml:10:9-13:74
93            android:name="io.flutter.plugins.urllauncher.WebViewActivity"
93-->[:url_launcher_android] AndroidManifest.xml:11:13-74
94            android:exported="false"
94-->[:url_launcher_android] AndroidManifest.xml:12:13-37
95            android:theme="@android:style/Theme.NoTitleBar.Fullscreen" />
95-->[:url_launcher_android] AndroidManifest.xml:13:13-71
96
97        <uses-library
97-->[androidx.window:window:1.2.0] AndroidManifest.xml:23:9-25:40
98            android:name="androidx.window.extensions"
98-->[androidx.window:window:1.2.0] AndroidManifest.xml:24:13-54
99            android:required="false" />
99-->[androidx.window:window:1.2.0] AndroidManifest.xml:25:13-37
100        <uses-library
100-->[androidx.window:window:1.2.0] AndroidManifest.xml:26:9-28:40
101            android:name="androidx.window.sidecar"
101-->[androidx.window:window:1.2.0] AndroidManifest.xml:27:13-51
102            android:required="false" />
102-->[androidx.window:window:1.2.0] AndroidManifest.xml:28:13-37
103
104        <provider
104-->[androidx.lifecycle:lifecycle-process:2.7.0] AndroidManifest.xml:24:9-32:20
105            android:name="androidx.startup.InitializationProvider"
105-->[androidx.lifecycle:lifecycle-process:2.7.0] AndroidManifest.xml:25:13-67
106            android:authorities="com.mycompany.bluetoothstarter.androidx-startup"
106-->[androidx.lifecycle:lifecycle-process:2.7.0] AndroidManifest.xml:26:13-68
107            android:exported="false" >
107-->[androidx.lifecycle:lifecycle-process:2.7.0] AndroidManifest.xml:27:13-37
108            <meta-data
108-->[androidx.lifecycle:lifecycle-process:2.7.0] AndroidManifest.xml:29:13-31:52
109                android:name="androidx.lifecycle.ProcessLifecycleInitializer"
109-->[androidx.lifecycle:lifecycle-process:2.7.0] AndroidManifest.xml:30:17-78
110                android:value="androidx.startup" />
110-->[androidx.lifecycle:lifecycle-process:2.7.0] AndroidManifest.xml:31:17-49
111            <meta-data
111-->[androidx.profileinstaller:profileinstaller:1.3.1] AndroidManifest.xml:29:13-31:52
112                android:name="androidx.profileinstaller.ProfileInstallerInitializer"
112-->[androidx.profileinstaller:profileinstaller:1.3.1] AndroidManifest.xml:30:17-85
113                android:value="androidx.startup" />
113-->[androidx.profileinstaller:profileinstaller:1.3.1] AndroidManifest.xml:31:17-49
114        </provider>
115
116        <receiver
116-->[androidx.profileinstaller:profileinstaller:1.3.1] AndroidManifest.xml:34:9-52:20
117            android:name="androidx.profileinstaller.ProfileInstallReceiver"
117-->[androidx.profileinstaller:profileinstaller:1.3.1] AndroidManifest.xml:35:13-76
118            android:directBootAware="false"
118-->[androidx.profileinstaller:profileinstaller:1.3.1] AndroidManifest.xml:36:13-44
119            android:enabled="true"
119-->[androidx.profileinstaller:profileinstaller:1.3.1] AndroidManifest.xml:37:13-35
120            android:exported="true"
120-->[androidx.profileinstaller:profileinstaller:1.3.1] AndroidManifest.xml:38:13-36
121            android:permission="android.permission.DUMP" >
121-->[androidx.profileinstaller:profileinstaller:1.3.1] AndroidManifest.xml:39:13-57
122            <intent-filter>
122-->[androidx.profileinstaller:profileinstaller:1.3.1] AndroidManifest.xml:40:13-42:29
123                <action android:name="androidx.profileinstaller.action.INSTALL_PROFILE" />
123-->[androidx.profileinstaller:profileinstaller:1.3.1] AndroidManifest.xml:41:17-91
123-->[androidx.profileinstaller:profileinstaller:1.3.1] AndroidManifest.xml:41:25-88
124            </intent-filter>
125            <intent-filter>
125-->[androidx.profileinstaller:profileinstaller:1.3.1] AndroidManifest.xml:43:13-45:29
126                <action android:name="androidx.profileinstaller.action.SKIP_FILE" />
126-->[androidx.profileinstaller:profileinstaller:1.3.1] AndroidManifest.xml:44:17-85
126-->[androidx.profileinstaller:profileinstaller:1.3.1] AndroidManifest.xml:44:25-82
127            </intent-filter>
128            <intent-filter>
128-->[androidx.profileinstaller:profileinstaller:1.3.1] AndroidManifest.xml:46:13-48:29
129                <action android:name="androidx.profileinstaller.action.SAVE_PROFILE" />
129-->[androidx.profileinstaller:profileinstaller:1.3.1] AndroidManifest.xml:47:17-88
129-->[androidx.profileinstaller:profileinstaller:1.3.1] AndroidManifest.xml:47:25-85
130            </intent-filter>
131            <intent-filter>
131-->[androidx.profileinstaller:profileinstaller:1.3.1] AndroidManifest.xml:49:13-51:29
132                <action android:name="androidx.profileinstaller.action.BENCHMARK_OPERATION" />
132-->[androidx.profileinstaller:profileinstaller:1.3.1] AndroidManifest.xml:50:17-95
132-->[androidx.profileinstaller:profileinstaller:1.3.1] AndroidManifest.xml:50:25-92
133            </intent-filter>
134        </receiver>
135    </application>
136
137</manifest>